Run ./gradlew test
Downloading https://services.gradle.org/distributions/gradle-7.4-bin.zip
...........10%...........20%...........30%...........40%...........50%...........60%...........70%...........80%...........90%...........100%

Welcome to Gradle 7.4!

Here are the highlights of this release:
 - Aggregated test and JaCoCo reports
 - Marking additional test source directories as tests in IntelliJ
 - Support for Adoptium JDKs in Java toolchains

For more details see https://docs.gradle.org/7.4/release-notes.html

Starting a Gradle Daemon (subsequent builds will be faster)
> Task :compileJava
> Task :processResources NO-SOURCE
> Task :classes
> Task :compileTestJava
> Task :processTestResources NO-SOURCE
> Task :testClasses


8 tests completed, 2 failed
> Task :test FAILED

CashbackHackServiceTest > testRemainEqualsBoundary FAILED
    java.lang.AssertionError at CashbackHackServiceTest.java:35

CashbackHackServiceTest > testRemainEqualsBoundaryAPI FAILED
    org.opentest4j.AssertionFailedError at CashbackHackServiceTest.java:71

FAILURE: Build failed with an exception.

3 actionable tasks: 3 executed
* What went wrong:
Execution failed for task ':test'.
> There were failing tests. See the report at: file:///home/runner/work/CashbackHack/CashbackHack/build/reports/tests/test/index.html

* Try:
> Run with --stacktrace option to get the stack trace.
> Run with --info or --debug option to get more log output.
> Run with --scan to get full insights.

* Get more help at https://help.gradle.org

BUILD FAILED in 12s
